
*** Running vivado
    with args -log reaction_timer_nexys4ddr.vds -m64 -product Vivado -mode batch -messageDb vivado.pb -notrace -source reaction_timer_nexys4ddr.tcl



****** Vivado v2024.1 (64-bit)
  **** SW Build 5076996 on Wed May 22 18:37:14 MDT 2024
  **** IP Build 5075265 on Wed May 22 21:45:21 MDT 2024
  **** SharedData Build 5076995 on Wed May 22 18:29:18 MDT 2024
  **** Start of session at: Mon Sep 22 15:42:42 2025
    ** Copyright 1986-2022 Xilinx, Inc. All Rights Reserved.
    ** Copyright 2022-2024 Advanced Micro Devices, Inc. All Rights Reserved.

source reaction_timer_nexys4ddr.tcl -notrace
create_project: Time (s): cpu = 00:00:03 ; elapsed = 00:00:07 . Memory (MB): peak = 663.020 ; gain = 218.406
Command: read_checkpoint -auto_incremental -incremental {C:/Users/Tianran_Li1/Box/ELC 4312/class report 2/class report 2.srcs/utils_1/imports/synth_1/reaction_timer_nexys4ddr.dcp}
INFO: [Vivado 12-5825] Read reference checkpoint from C:/Users/Tianran_Li1/Box/ELC 4312/class report 2/class report 2.srcs/utils_1/imports/synth_1/reaction_timer_nexys4ddr.dcp for incremental synthesis
INFO: [Vivado 12-7989] Please ensure there are no constraint changes
Command: synth_design -top reaction_timer_nexys4ddr -part xc7a100tcsg324-1
Starting synth_design
Attempting to get a license for feature 'Synthesis' and/or device 'xc7a100t'
INFO: [Common 17-349] Got license for feature 'Synthesis' and/or device 'xc7a100t'
INFO: [Device 21-403] Loading part xc7a100tcsg324-1
INFO: [Device 21-9227] Part: xc7a100tcsg324-1 does not have CEAM library.
INFO: [Designutils 20-5440] No compile time benefit to using incremental synthesis; A full resynthesis will be run
INFO: [Designutils 20-4379] Flow is switching to default flow due to incremental criteria not met. If you would like to alter this behaviour and have the flow terminate instead, please set the following parameter config_implementation {autoIncr.Synth.RejectBehavior Terminate}
INFO: [Synth 8-7079] Multithreading enabled for synth_design using a maximum of 2 processes.
INFO: [Synth 8-7078] Launching helper process for spawning children vivado processes
INFO: [Synth 8-7075] Helper process launched with PID 6172
---------------------------------------------------------------------------------
Starting RTL Elaboration : Time (s): cpu = 00:00:02 ; elapsed = 00:00:03 . Memory (MB): peak = 1529.453 ; gain = 446.762
---------------------------------------------------------------------------------
INFO: [Synth 8-6157] synthesizing module 'reaction_timer_nexys4ddr' [C:/Users/Tianran_Li1/Desktop/reaction_timer_nexys4ddr.v:8]
INFO: [Synth 8-6157] synthesizing module 'debouncer' [C:/Users/Tianran_Li1/Desktop/reaction_timer_nexys4ddr.v:224]
	Parameter CLK_HZ bound to: 100000000 - type: integer 
INFO: [Synth 8-6155] done synthesizing module 'debouncer' (0#1) [C:/Users/Tianran_Li1/Desktop/reaction_timer_nexys4ddr.v:224]
INFO: [Synth 8-6157] synthesizing module 'edge_onepulse' [C:/Users/Tianran_Li1/Desktop/reaction_timer_nexys4ddr.v:258]
INFO: [Synth 8-6155] done synthesizing module 'edge_onepulse' (0#1) [C:/Users/Tianran_Li1/Desktop/reaction_timer_nexys4ddr.v:258]
INFO: [Synth 8-6157] synthesizing module 'ms_tick' [C:/Users/Tianran_Li1/Desktop/reaction_timer_nexys4ddr.v:183]
	Parameter CLK_HZ bound to: 100000000 - type: integer 
INFO: [Synth 8-6155] done synthesizing module 'ms_tick' (0#1) [C:/Users/Tianran_Li1/Desktop/reaction_timer_nexys4ddr.v:183]
INFO: [Synth 8-6157] synthesizing module 'lfsr16' [C:/Users/Tianran_Li1/Desktop/reaction_timer_nexys4ddr.v:211]
INFO: [Synth 8-6155] done synthesizing module 'lfsr16' (0#1) [C:/Users/Tianran_Li1/Desktop/reaction_timer_nexys4ddr.v:211]
INFO: [Synth 8-6157] synthesizing module 'reaction_core' [C:/Users/Tianran_Li1/Desktop/reaction_timer_nexys4ddr.v:78]
INFO: [Synth 8-6155] done synthesizing module 'reaction_core' (0#1) [C:/Users/Tianran_Li1/Desktop/reaction_timer_nexys4ddr.v:78]
INFO: [Synth 8-6157] synthesizing module 'sevenseg8_nexys4ddr' [C:/Users/Tianran_Li1/Desktop/reaction_timer_nexys4ddr.v:277]
INFO: [Synth 8-6155] done synthesizing module 'sevenseg8_nexys4ddr' (0#1) [C:/Users/Tianran_Li1/Desktop/reaction_timer_nexys4ddr.v:277]
INFO: [Synth 8-6155] done synthesizing module 'reaction_timer_nexys4ddr' (0#1) [C:/Users/Tianran_Li1/Desktop/reaction_timer_nexys4ddr.v:8]
WARNING: [Synth 8-3917] design reaction_timer_nexys4ddr has port LED[15] driven by constant 0
WARNING: [Synth 8-3917] design reaction_timer_nexys4ddr has port LED[14] driven by constant 0
WARNING: [Synth 8-3917] design reaction_timer_nexys4ddr has port LED[13] driven by constant 0
WARNING: [Synth 8-3917] design reaction_timer_nexys4ddr has port LED[12] driven by constant 0
WARNING: [Synth 8-3917] design reaction_timer_nexys4ddr has port LED[11] driven by constant 0
WARNING: [Synth 8-3917] design reaction_timer_nexys4ddr has port LED[10] driven by constant 0
WARNING: [Synth 8-3917] design reaction_timer_nexys4ddr has port LED[9] driven by constant 0
WARNING: [Synth 8-3917] design reaction_timer_nexys4ddr has port LED[8] driven by constant 0
WARNING: [Synth 8-3917] design reaction_timer_nexys4ddr has port LED[7] driven by constant 0
WARNING: [Synth 8-3917] design reaction_timer_nexys4ddr has port LED[6] driven by constant 0
WARNING: [Synth 8-3917] design reaction_timer_nexys4ddr has port LED[5] driven by constant 0
WARNING: [Synth 8-3917] design reaction_timer_nexys4ddr has port LED[4] driven by constant 0
WARNING: [Synth 8-3917] design reaction_timer_nexys4ddr has port LED[3] driven by constant 0
WARNING: [Synth 8-3917] design reaction_timer_nexys4ddr has port LED[2] driven by constant 0
WARNING: [Synth 8-3917] design reaction_timer_nexys4ddr has port LED[1] driven by constant 0
---------------------------------------------------------------------------------
Finished RTL Elaboration : Time (s): cpu = 00:00:03 ; elapsed = 00:00:05 . Memory (MB): peak = 1640.016 ; gain = 557.324
---------------------------------------------------------------------------------
---------------------------------------------------------------------------------
Start Handling Custom Attributes
---------------------------------------------------------------------------------
---------------------------------------------------------------------------------
Finished Handling Custom Attributes : Time (s): cpu = 00:00:03 ; elapsed = 00:00:05 . Memory (MB): peak = 1640.016 ; gain = 557.324
---------------------------------------------------------------------------------
---------------------------------------------------------------------------------
Finished RTL Optimization Phase 1 : Time (s): cpu = 00:00:03 ; elapsed = 00:00:05 . Memory (MB): peak = 1640.016 ; gain = 557.324
---------------------------------------------------------------------------------
Netlist sorting complete. Time (s): cpu = 00:00:00 ; elapsed = 00:00:00.003 . Memory (MB): peak = 1640.016 ; gain = 0.000
INFO: [Project 1-570] Preparing netlist for logic optimization

Processing XDC Constraints
Initializing timing engine
Parsing XDC File [C:/Users/Tianran_Li1/Desktop/Nexys-4-DDR-Master.xdc]
WARNING: [Vivado 12-584] No ports matched 'SW[0]'. [C:/Users/Tianran_Li1/Desktop/Nexys-4-DDR-Master.xdc:13]
CRITICAL WARNING: [Common 17-55] 'set_property' expects at least one object. [C:/Users/Tianran_Li1/Desktop/Nexys-4-DDR-Master.xdc:13]
Resolution: If [get_<value>] was used to populate the object, check to make sure this command returns at least one valid object.
WARNING: [Vivado 12-584] No ports matched 'SW[1]'. [C:/Users/Tianran_Li1/Desktop/Nexys-4-DDR-Master.xdc:14]
CRITICAL WARNING: [Common 17-55] 'set_property' expects at least one object. [C:/Users/Tianran_Li1/Desktop/Nexys-4-DDR-Master.xdc:14]
Resolution: If [get_<value>] was used to populate the object, check to make sure this command returns at least one valid object.
WARNING: [Vivado 12-584] No ports matched 'SW[2]'. [C:/Users/Tianran_Li1/Desktop/Nexys-4-DDR-Master.xdc:15]
CRITICAL WARNING: [Common 17-55] 'set_property' expects at least one object. [C:/Users/Tianran_Li1/Desktop/Nexys-4-DDR-Master.xdc:15]
Resolution: If [get_<value>] was used to populate the object, check to make sure this command returns at least one valid object.
WARNING: [Vivado 12-584] No ports matched 'SW[3]'. [C:/Users/Tianran_Li1/Desktop/Nexys-4-DDR-Master.xdc:16]
CRITICAL WARNING: [Common 17-55] 'set_property' expects at least one object. [C:/Users/Tianran_Li1/Desktop/Nexys-4-DDR-Master.xdc:16]
Resolution: If [get_<value>] was used to populate the object, check to make sure this command returns at least one valid object.
WARNING: [Vivado 12-584] No ports matched 'SW[4]'. [C:/Users/Tianran_Li1/Desktop/Nexys-4-DDR-Master.xdc:17]
CRITICAL WARNING: [Common 17-55] 'set_property' expects at least one object. [C:/Users/Tianran_Li1/Desktop/Nexys-4-DDR-Master.xdc:17]
Resolution: If [get_<value>] was used to populate the object, check to make sure this command returns at least one valid object.
WARNING: [Vivado 12-584] No ports matched 'SW[5]'. [C:/Users/Tianran_Li1/Desktop/Nexys-4-DDR-Master.xdc:18]
CRITICAL WARNING: [Common 17-55] 'set_property' expects at least one object. [C:/Users/Tianran_Li1/Desktop/Nexys-4-DDR-Master.xdc:18]
Resolution: If [get_<value>] was used to populate the object, check to make sure this command returns at least one valid object.
WARNING: [Vivado 12-584] No ports matched 'SW[6]'. [C:/Users/Tianran_Li1/Desktop/Nexys-4-DDR-Master.xdc:19]
CRITICAL WARNING: [Common 17-55] 'set_property' expects at least one object. [C:/Users/Tianran_Li1/Desktop/Nexys-4-DDR-Master.xdc:19]
Resolution: If [get_<value>] was used to populate the object, check to make sure this command returns at least one valid object.
WARNING: [Vivado 12-584] No ports matched 'SW[7]'. [C:/Users/Tianran_Li1/Desktop/Nexys-4-DDR-Master.xdc:20]
CRITICAL WARNING: [Common 17-55] 'set_property' expects at least one object. [C:/Users/Tianran_Li1/Desktop/Nexys-4-DDR-Master.xdc:20]
Resolution: If [get_<value>] was used to populate the object, check to make sure this command returns at least one valid object.
WARNING: [Vivado 12-584] No ports matched 'SW[8]'. [C:/Users/Tianran_Li1/Desktop/Nexys-4-DDR-Master.xdc:21]
CRITICAL WARNING: [Common 17-55] 'set_property' expects at least one object. [C:/Users/Tianran_Li1/Desktop/Nexys-4-DDR-Master.xdc:21]
Resolution: If [get_<value>] was used to populate the object, check to make sure this command returns at least one valid object.
WARNING: [Vivado 12-584] No ports matched 'SW[9]'. [C:/Users/Tianran_Li1/Desktop/Nexys-4-DDR-Master.xdc:22]
CRITICAL WARNING: [Common 17-55] 'set_property' expects at least one object. [C:/Users/Tianran_Li1/Desktop/Nexys-4-DDR-Master.xdc:22]
Resolution: If [get_<value>] was used to populate the object, check to make sure this command returns at least one valid object.
WARNING: [Vivado 12-584] No ports matched 'SW[10]'. [C:/Users/Tianran_Li1/Desktop/Nexys-4-DDR-Master.xdc:23]
CRITICAL WARNING: [Common 17-55] 'set_property' expects at least one object. [C:/Users/Tianran_Li1/Desktop/Nexys-4-DDR-Master.xdc:23]
Resolution: If [get_<value>] was used to populate the object, check to make sure this command returns at least one valid object.
WARNING: [Vivado 12-584] No ports matched 'SW[11]'. [C:/Users/Tianran_Li1/Desktop/Nexys-4-DDR-Master.xdc:24]
CRITICAL WARNING: [Common 17-55] 'set_property' expects at least one object. [C:/Users/Tianran_Li1/Desktop/Nexys-4-DDR-Master.xdc:24]
Resolution: If [get_<value>] was used to populate the object, check to make sure this command returns at least one valid object.
WARNING: [Vivado 12-584] No ports matched 'SW[12]'. [C:/Users/Tianran_Li1/Desktop/Nexys-4-DDR-Master.xdc:25]
CRITICAL WARNING: [Common 17-55] 'set_property' expects at least one object. [C:/Users/Tianran_Li1/Desktop/Nexys-4-DDR-Master.xdc:25]
Resolution: If [get_<value>] was used to populate the object, check to make sure this command returns at least one valid object.
WARNING: [Vivado 12-584] No ports matched 'SW[13]'. [C:/Users/Tianran_Li1/Desktop/Nexys-4-DDR-Master.xdc:26]
CRITICAL WARNING: [Common 17-55] 'set_property' expects at least one object. [C:/Users/Tianran_Li1/Desktop/Nexys-4-DDR-Master.xdc:26]
Resolution: If [get_<value>] was used to populate the object, check to make sure this command returns at least one valid object.
WARNING: [Vivado 12-584] No ports matched 'SW[14]'. [C:/Users/Tianran_Li1/Desktop/Nexys-4-DDR-Master.xdc:27]
CRITICAL WARNING: [Common 17-55] 'set_property' expects at least one object. [C:/Users/Tianran_Li1/Desktop/Nexys-4-DDR-Master.xdc:27]
Resolution: If [get_<value>] was used to populate the object, check to make sure this command returns at least one valid object.
WARNING: [Vivado 12-584] No ports matched 'SW[15]'. [C:/Users/Tianran_Li1/Desktop/Nexys-4-DDR-Master.xdc:28]
CRITICAL WARNING: [Common 17-55] 'set_property' expects at least one object. [C:/Users/Tianran_Li1/Desktop/Nexys-4-DDR-Master.xdc:28]
Resolution: If [get_<value>] was used to populate the object, check to make sure this command returns at least one valid object.
Finished Parsing XDC File [C:/Users/Tianran_Li1/Desktop/Nexys-4-DDR-Master.xdc]
INFO: [Project 1-236] Implementation specific constraints were found while reading constraint file [C:/Users/Tianran_Li1/Desktop/Nexys-4-DDR-Master.xdc]. These constraints will be ignored for synthesis but will be used in implementation. Impacted constraints are listed in the file [.Xil/reaction_timer_nexys4ddr_propImpl.xdc].
Resolution: To avoid this warning, move constraints listed in [.Xil/reaction_timer_nexys4ddr_propImpl.xdc] to another XDC file and exclude this new file from synthesis with the used_in_synthesis property (File Properties dialog in GUI) and re-run elaboration/synthesis.
Completed Processing XDC Constraints

Netlist sorting complete. Time (s): cpu = 00:00:00 ; elapsed = 00:00:00 . Memory (MB): peak = 1741.996 ; gain = 0.000
INFO: [Project 1-111] Unisim Transformation Summary:
No Unisim elements were transformed.

Constraint Validation Runtime : Time (s): cpu = 00:00:00 ; elapsed = 00:00:00.015 . Memory (MB): peak = 1741.996 ; gain = 0.000
INFO: [Designutils 20-5440] No compile time benefit to using incremental synthesis; A full resynthesis will be run
INFO: [Designutils 20-4379] Flow is switching to default flow due to incremental criteria not met. If you would like to alter this behaviour and have the flow terminate instead, please set the following parameter config_implementation {autoIncr.Synth.RejectBehavior Terminate}
---------------------------------------------------------------------------------
Finished Constraint Validation : Time (s): cpu = 00:00:06 ; elapsed = 00:00:10 . Memory (MB): peak = 1741.996 ; gain = 659.305
---------------------------------------------------------------------------------
---------------------------------------------------------------------------------
Start Loading Part and Timing Information
---------------------------------------------------------------------------------
Loading part: xc7a100tcsg324-1
---------------------------------------------------------------------------------
Finished Loading Part and Timing Information : Time (s): cpu = 00:00:06 ; elapsed = 00:00:10 . Memory (MB): peak = 1741.996 ; gain = 659.305
---------------------------------------------------------------------------------
---------------------------------------------------------------------------------
Start Applying 'set_property' XDC Constraints
---------------------------------------------------------------------------------
---------------------------------------------------------------------------------
Finished applying 'set_property' XDC Constraints : Time (s): cpu = 00:00:06 ; elapsed = 00:00:10 . Memory (MB): peak = 1741.996 ; gain = 659.305
---------------------------------------------------------------------------------
INFO: [Synth 8-802] inferred FSM for state register 'state_reg' in module 'reaction_core'
---------------------------------------------------------------------------------------------------
                   State |                     New Encoding |                Previous Encoding 
---------------------------------------------------------------------------------------------------
                  S_INIT |                              000 |                              000
                   S_ARM |                              100 |                              001
                 S_FALSE |                              001 |                              100
                  S_STIM |                              011 |                              010
                  S_SHOW |                              010 |                              011
---------------------------------------------------------------------------------------------------
INFO: [Synth 8-3354] encoded FSM with state register 'state_reg' using encoding 'sequential' in module 'reaction_core'
---------------------------------------------------------------------------------
Finished RTL Optimization Phase 2 : Time (s): cpu = 00:00:06 ; elapsed = 00:00:11 . Memory (MB): peak = 1741.996 ; gain = 659.305
---------------------------------------------------------------------------------
---------------------------------------------------------------------------------
Start RTL Component Statistics 
---------------------------------------------------------------------------------
Detailed RTL Component Info : 
+---Adders : 
	   2 Input   19 Bit       Adders := 3     
	   2 Input   17 Bit       Adders := 1     
	   2 Input   15 Bit       Adders := 1     
	   2 Input   14 Bit       Adders := 1     
	   2 Input   10 Bit       Adders := 1     
	   2 Input    2 Bit       Adders := 1     
+---XORs : 
	   4 Input      1 Bit         XORs := 1     
+---Registers : 
	               19 Bit    Registers := 3     
	               17 Bit    Registers := 1     
	               16 Bit    Registers := 1     
	               15 Bit    Registers := 2     
	               14 Bit    Registers := 1     
	               10 Bit    Registers := 1     
	                2 Bit    Registers := 4     
	                1 Bit    Registers := 13    
+---Muxes : 
	   2 Input   19 Bit        Muxes := 3     
	   5 Input   14 Bit        Muxes := 1     
	   2 Input   10 Bit        Muxes := 1     
	   4 Input    8 Bit        Muxes := 1     
	   4 Input    7 Bit        Muxes := 1     
	   2 Input    7 Bit        Muxes := 1     
	   2 Input    3 Bit        Muxes := 17    
	   5 Input    3 Bit        Muxes := 4     
	   2 Input    1 Bit        Muxes := 3     
	   3 Input    1 Bit        Muxes := 1     
	   5 Input    1 Bit        Muxes := 2     
---------------------------------------------------------------------------------
Finished RTL Component Statistics 
---------------------------------------------------------------------------------
---------------------------------------------------------------------------------
Start Part Resource Summary
---------------------------------------------------------------------------------
Part Resources:
DSPs: 240 (col length:80)
BRAMs: 270 (col length: RAMB18 80 RAMB36 40)
---------------------------------------------------------------------------------
Finished Part Resource Summary
---------------------------------------------------------------------------------
---------------------------------------------------------------------------------
Start Cross Boundary and Area Optimization
---------------------------------------------------------------------------------
WARNING: [Synth 8-7080] Parallel synthesis criteria is not met
WARNING: [Synth 8-3917] design reaction_timer_nexys4ddr has port LED[15] driven by constant 0
WARNING: [Synth 8-3917] design reaction_timer_nexys4ddr has port LED[14] driven by constant 0
WARNING: [Synth 8-3917] design reaction_timer_nexys4ddr has port LED[13] driven by constant 0
WARNING: [Synth 8-3917] design reaction_timer_nexys4ddr has port LED[12] driven by constant 0
WARNING: [Synth 8-3917] design reaction_timer_nexys4ddr has port LED[11] driven by constant 0
WARNING: [Synth 8-3917] design reaction_timer_nexys4ddr has port LED[10] driven by constant 0
WARNING: [Synth 8-3917] design reaction_timer_nexys4ddr has port LED[9] driven by constant 0
WARNING: [Synth 8-3917] design reaction_timer_nexys4ddr has port LED[8] driven by constant 0
WARNING: [Synth 8-3917] design reaction_timer_nexys4ddr has port LED[7] driven by constant 0
WARNING: [Synth 8-3917] design reaction_timer_nexys4ddr has port LED[6] driven by constant 0
WARNING: [Synth 8-3917] design reaction_timer_nexys4ddr has port LED[5] driven by constant 0
WARNING: [Synth 8-3917] design reaction_timer_nexys4ddr has port LED[4] driven by constant 0
WARNING: [Synth 8-3917] design reaction_timer_nexys4ddr has port LED[3] driven by constant 0
WARNING: [Synth 8-3917] design reaction_timer_nexys4ddr has port LED[2] driven by constant 0
WARNING: [Synth 8-3917] design reaction_timer_nexys4ddr has port LED[1] driven by constant 0
---------------------------------------------------------------------------------
Finished Cross Boundary and Area Optimization : Time (s): cpu = 00:00:08 ; elapsed = 00:00:16 . Memory (MB): peak = 1741.996 ; gain = 659.305
---------------------------------------------------------------------------------
---------------------------------------------------------------------------------
Start Applying XDC Timing Constraints
---------------------------------------------------------------------------------
---------------------------------------------------------------------------------
Finished Applying XDC Timing Constraints : Time (s): cpu = 00:00:10 ; elapsed = 00:00:20 . Memory (MB): peak = 1741.996 ; gain = 659.305
---------------------------------------------------------------------------------
---------------------------------------------------------------------------------
Start Timing Optimization
---------------------------------------------------------------------------------
---------------------------------------------------------------------------------
Finished Timing Optimization : Time (s): cpu = 00:00:10 ; elapsed = 00:00:21 . Memory (MB): peak = 1741.996 ; gain = 659.305
---------------------------------------------------------------------------------
---------------------------------------------------------------------------------
Start Technology Mapping
---------------------------------------------------------------------------------
---------------------------------------------------------------------------------
Finished Technology Mapping : Time (s): cpu = 00:00:11 ; elapsed = 00:00:21 . Memory (MB): peak = 1741.996 ; gain = 659.305
---------------------------------------------------------------------------------
---------------------------------------------------------------------------------
Start IO Insertion
---------------------------------------------------------------------------------
---------------------------------------------------------------------------------
Start Flattening Before IO Insertion
---------------------------------------------------------------------------------
---------------------------------------------------------------------------------
Finished Flattening Before IO Insertion
---------------------------------------------------------------------------------
---------------------------------------------------------------------------------
Start Final Netlist Cleanup
---------------------------------------------------------------------------------
---------------------------------------------------------------------------------
Finished Final Netlist Cleanup
---------------------------------------------------------------------------------
---------------------------------------------------------------------------------
Finished IO Insertion : Time (s): cpu = 00:00:12 ; elapsed = 00:00:24 . Memory (MB): peak = 1741.996 ; gain = 659.305
---------------------------------------------------------------------------------
---------------------------------------------------------------------------------
Start Renaming Generated Instances
---------------------------------------------------------------------------------
---------------------------------------------------------------------------------
Finished Renaming Generated Instances : Time (s): cpu = 00:00:12 ; elapsed = 00:00:24 . Memory (MB): peak = 1741.996 ; gain = 659.305
---------------------------------------------------------------------------------
---------------------------------------------------------------------------------
Start Rebuilding User Hierarchy
---------------------------------------------------------------------------------
---------------------------------------------------------------------------------
Finished Rebuilding User Hierarchy : Time (s): cpu = 00:00:12 ; elapsed = 00:00:24 . Memory (MB): peak = 1741.996 ; gain = 659.305
---------------------------------------------------------------------------------
---------------------------------------------------------------------------------
Start Renaming Generated Ports
---------------------------------------------------------------------------------
---------------------------------------------------------------------------------
Finished Renaming Generated Ports : Time (s): cpu = 00:00:12 ; elapsed = 00:00:24 . Memory (MB): peak = 1741.996 ; gain = 659.305
---------------------------------------------------------------------------------
---------------------------------------------------------------------------------
Start Handling Custom Attributes
---------------------------------------------------------------------------------
---------------------------------------------------------------------------------
Finished Handling Custom Attributes : Time (s): cpu = 00:00:12 ; elapsed = 00:00:24 . Memory (MB): peak = 1741.996 ; gain = 659.305
---------------------------------------------------------------------------------
---------------------------------------------------------------------------------
Start Renaming Generated Nets
---------------------------------------------------------------------------------
---------------------------------------------------------------------------------
Finished Renaming Generated Nets : Time (s): cpu = 00:00:12 ; elapsed = 00:00:24 . Memory (MB): peak = 1741.996 ; gain = 659.305
---------------------------------------------------------------------------------
---------------------------------------------------------------------------------
Start Writing Synthesis Report
---------------------------------------------------------------------------------

Report BlackBoxes: 
+-+--------------+----------+
| |BlackBox name |Instances |
+-+--------------+----------+
+-+--------------+----------+

Report Cell Usage: 
+------+-------+------+
|      |Cell   |Count |
+------+-------+------+
|1     |BUFG   |     1|
|2     |CARRY4 |    68|
|3     |LUT1   |    27|
|4     |LUT2   |    55|
|5     |LUT3   |    58|
|6     |LUT4   |   127|
|7     |LUT5   |    55|
|8     |LUT6   |   108|
|9     |FDRE   |   162|
|10    |IBUF   |     4|
|11    |OBUF   |    32|
+------+-------+------+
---------------------------------------------------------------------------------
Finished Writing Synthesis Report : Time (s): cpu = 00:00:12 ; elapsed = 00:00:24 . Memory (MB): peak = 1741.996 ; gain = 659.305
---------------------------------------------------------------------------------
Synthesis finished with 0 errors, 0 critical warnings and 16 warnings.
Synthesis Optimization Runtime : Time (s): cpu = 00:00:08 ; elapsed = 00:00:22 . Memory (MB): peak = 1741.996 ; gain = 557.324
Synthesis Optimization Complete : Time (s): cpu = 00:00:12 ; elapsed = 00:00:24 . Memory (MB): peak = 1741.996 ; gain = 659.305
INFO: [Project 1-571] Translating synthesized netlist
Netlist sorting complete. Time (s): cpu = 00:00:00 ; elapsed = 00:00:00.007 . Memory (MB): peak = 1741.996 ; gain = 0.000
INFO: [Netlist 29-17] Analyzing 68 Unisim elements for replacement
INFO: [Netlist 29-28] Unisim Transformation completed in 0 CPU seconds
INFO: [Project 1-570] Preparing netlist for logic optimization
INFO: [Opt 31-138] Pushed 0 inverter(s) to 0 load pin(s).
Netlist sorting complete. Time (s): cpu = 00:00:00 ; elapsed = 00:00:00 . Memory (MB): peak = 1741.996 ; gain = 0.000
INFO: [Project 1-111] Unisim Transformation Summary:
No Unisim elements were transformed.

Synth Design complete | Checksum: 1e71991a
INFO: [Common 17-83] Releasing license: Synthesis
38 Infos, 47 Warnings, 16 Critical Warnings and 0 Errors encountered.
synth_design completed successfully
synth_design: Time (s): cpu = 00:00:14 ; elapsed = 00:00:28 . Memory (MB): peak = 1741.996 ; gain = 1076.473
INFO: [runtcl-6] Synthesis results are not added to the cache due to CRITICAL_WARNING
Write ShapeDB Complete: Time (s): cpu = 00:00:00 ; elapsed = 00:00:00.015 . Memory (MB): peak = 1741.996 ; gain = 0.000
INFO: [Common 17-1381] The checkpoint 'C:/Users/Tianran_Li1/Box/ELC 4312/class report 2/class report 2.runs/synth_1/reaction_timer_nexys4ddr.dcp' has been generated.
INFO: [Vivado 12-24828] Executing command : report_utilization -file reaction_timer_nexys4ddr_utilization_synth.rpt -pb reaction_timer_nexys4ddr_utilization_synth.pb
INFO: [Common 17-206] Exiting Vivado at Mon Sep 22 15:43:21 2025...
